# JRE version: OpenJDK Runtime Environment (21.0.2+13) (build 21.0.2+13-58)
# Java VM: OpenJDK 64-Bit Server VM (21.0.2+13-58, mixed mode, emulated-client, sharing, tiered, compressed oops, compressed class ptrs, g1 gc, windows-amd64)
GC Precious Log:
 CardTable entry size: 512
 Card Set container configuration: InlinePtr #cards 5 size 8 Array Of Cards #cards 12 size 40 Howl #buckets 4 coarsen threshold 1843 Howl Bitmap #cards 512 size 80 coarsen threshold 460 Card regions per heap region 1 cards per card region 2048
 CPUs: 8 total, 8 available
 Memory: 8052M
 Large Page Support: Disabled
 NUMA Support: Disabled
 Compressed Oops: Enabled (32-bit)
 Heap Region Size: 1M
 Heap Min Capacity: 8M
 Heap Initial Capacity: 126M
 Heap Max Capacity: 2014M
 Pre-touch: Disabled
 Parallel Workers: 8
 Concurrent Workers: 2
 Concurrent Refinement Workers: 8
 Periodic GC: Disabled
Heap:
 garbage-first heap   total 95232K, used 58511K [0x0000000082200000, 0x0000000100000000)
  region size 1024K, 17 young (17408K), 6 survivors (6144K)
 Metaspace       used 78868K, committed 79616K, reserved 1179648K
  class space    used 11422K, committed 11776K, reserved 1048576K
GC Heap History (20 events):
Event: 6.850 GC heap before
{Heap before GC invocations=12 (full 0):
 garbage-first heap   total 78848K, used 66594K [0x0000000082200000, 0x0000000100000000)
  region size 1024K, 41 young (41984K), 6 survivors (6144K)
 Metaspace       used 44570K, committed 45120K, reserved 1114112K
  class space    used 6127K, committed 6400K, reserved 1048576K
}
Event: 6.857 GC heap after
{Heap after GC invocations=13 (full 0):
 garbage-first heap   total 78848K, used 32700K [0x0000000082200000, 0x0000000100000000)
  region size 1024K, 5 young (5120K), 5 survivors (5120K)
 Metaspace       used 44570K, committed 45120K, reserved 1114112K
  class space    used 6127K, committed 6400K, reserved 1048576K
}
Event: 7.484 GC heap before
{Heap before GC invocations=13 (full 0):
 garbage-first heap   total 78848K, used 67516K [0x0000000082200000, 0x0000000100000000)
  region size 1024K, 39 young (39936K), 5 survivors (5120K)
 Metaspace       used 45775K, committed 46464K, reserved 1114112K
  class space    used 6274K, committed 6592K, reserved 1048576K
}
Event: 7.489 GC heap after
{Heap after GC invocations=14 (full 0):
 garbage-first heap   total 78848K, used 33407K [0x0000000082200000, 0x0000000100000000)
  region size 1024K, 3 young (3072K), 3 survivors (3072K)
 Metaspace       used 45775K, committed 46464K, reserved 1114112K
  class space    used 6274K, committed 6592K, reserved 1048576K
}
Event: 8.280 GC heap before
{Heap before GC invocations=14 (full 0):
 garbage-first heap   total 78848K, used 69247K [0x0000000082200000, 0x0000000100000000)
  region size 1024K, 38 young (38912K), 3 survivors (3072K)
 Metaspace       used 52040K, committed 52736K, reserved 1114112K
  class space    used 7246K, committed 7552K, reserved 1048576K
}
Event: 8.284 GC heap after
{Heap after GC invocations=15 (full 0):
 garbage-first heap   total 78848K, used 34580K [0x0000000082200000, 0x0000000100000000)
  region size 1024K, 4 young (4096K), 4 survivors (4096K)
 Metaspace       used 52040K, committed 52736K, reserved 1114112K
  class space    used 7246K, committed 7552K, reserved 1048576K
}
Event: 8.802 GC heap before
{Heap before GC invocations=15 (full 0):
 garbage-first heap   total 78848K, used 57108K [0x0000000082200000, 0x0000000100000000)
  region size 1024K, 27 young (27648K), 4 survivors (4096K)
 Metaspace       used 56469K, committed 57088K, reserved 1114112K
  class space    used 7860K, committed 8128K, reserved 1048576K
}
Event: 8.807 GC heap after
{Heap after GC invocations=16 (full 0):
 garbage-first heap   total 78848K, used 35809K [0x0000000082200000, 0x0000000100000000)
  region size 1024K, 4 young (4096K), 4 survivors (4096K)
 Metaspace       used 56469K, committed 57088K, reserved 1114112K
  class space    used 7860K, committed 8128K, reserved 1048576K
}
Event: 9.589 GC heap before
{Heap before GC invocations=17 (full 0):
 garbage-first heap   total 78848K, used 68577K [0x0000000082200000, 0x0000000100000000)
  region size 1024K, 36 young (36864K), 4 survivors (4096K)
 Metaspace       used 63089K, committed 63744K, reserved 1114112K
  class space    used 8945K, committed 9216K, reserved 1048576K
}
Event: 9.594 GC heap after
{Heap after GC invocations=18 (full 0):
 garbage-first heap   total 95232K, used 37011K [0x0000000082200000, 0x0000000100000000)
  region size 1024K, 3 young (3072K), 3 survivors (3072K)
 Metaspace       used 63089K, committed 63744K, reserved 1114112K
  class space    used 8945K, committed 9216K, reserved 1048576K
}
Event: 10.653 GC heap before
{Heap before GC invocations=18 (full 0):
 garbage-first heap   total 95232K, used 85139K [0x0000000082200000, 0x0000000100000000)
  region size 1024K, 50 young (51200K), 3 survivors (3072K)
 Metaspace       used 68387K, committed 69120K, reserved 1114112K
  class space    used 9806K, committed 10112K, reserved 1048576K
}
Event: 10.659 GC heap after
{Heap after GC invocations=19 (full 0):
 garbage-first heap   total 95232K, used 38390K [0x0000000082200000, 0x0000000100000000)
  region size 1024K, 5 young (5120K), 5 survivors (5120K)
 Metaspace       used 68387K, committed 69120K, reserved 1114112K
  class space    used 9806K, committed 10112K, reserved 1048576K
}
Event: 11.487 GC heap before
{Heap before GC invocations=19 (full 0):
 garbage-first heap   total 95232K, used 82422K [0x0000000082200000, 0x0000000100000000)
  region size 1024K, 48 young (49152K), 5 survivors (5120K)
 Metaspace       used 75110K, committed 75840K, reserved 1114112K
  class space    used 10941K, committed 11264K, reserved 1048576K
}
Event: 11.495 GC heap after
{Heap after GC invocations=20 (full 0):
 garbage-first heap   total 95232K, used 42153K [0x0000000082200000, 0x0000000100000000)
  region size 1024K, 6 young (6144K), 6 survivors (6144K)
 Metaspace       used 75110K, committed 75840K, reserved 1114112K
  class space    used 10941K, committed 11264K, reserved 1048576K
}
Event: 11.812 GC heap before
{Heap before GC invocations=20 (full 0):
 garbage-first heap   total 95232K, used 81065K [0x0000000082200000, 0x0000000100000000)
  region size 1024K, 45 young (46080K), 6 survivors (6144K)
 Metaspace       used 77115K, committed 77888K, reserved 1179648K
  class space    used 11191K, committed 11520K, reserved 1048576K
}
Event: 11.820 GC heap after
{Heap after GC invocations=21 (full 0):
 garbage-first heap   total 95232K, used 44334K [0x0000000082200000, 0x0000000100000000)
  region size 1024K, 2 young (2048K), 2 survivors (2048K)
 Metaspace       used 77115K, committed 77888K, reserved 1179648K
  class space    used 11191K, committed 11520K, reserved 1048576K
}
Event: 12.010 GC heap before
{Heap before GC invocations=21 (full 0):
 garbage-first heap   total 95232K, used 86318K [0x0000000082200000, 0x0000000100000000)
  region size 1024K, 43 young (44032K), 2 survivors (2048K)
 Metaspace       used 77350K, committed 78144K, reserved 1179648K
  class space    used 11224K, committed 11584K, reserved 1048576K
}
Event: 12.014 GC heap after
{Heap after GC invocations=22 (full 0):
 garbage-first heap   total 95232K, used 45622K [0x0000000082200000, 0x0000000100000000)
  region size 1024K, 4 young (4096K), 4 survivors (4096K)
 Metaspace       used 77350K, committed 78144K, reserved 1179648K
  class space    used 11224K, committed 11584K, reserved 1048576K
}
Event: 12.463 GC heap before
{Heap before GC invocations=23 (full 0):
 garbage-first heap   total 95232K, used 83510K [0x0000000082200000, 0x0000000100000000)
  region size 1024K, 41 young (41984K), 4 survivors (4096K)
 Metaspace       used 78040K, committed 78848K, reserved 1179648K
  class space    used 11361K, committed 11712K, reserved 1048576K
}
Event: 12.468 GC heap after
{Heap after GC invocations=24 (full 0):
 garbage-first heap   total 95232K, used 48271K [0x0000000082200000, 0x0000000100000000)
  region size 1024K, 6 young (6144K), 6 survivors (6144K)
 Metaspace       used 78040K, committed 78848K, reserved 1179648K
  class space    used 11361K, committed 11712K, reserved 1048576K
}

