# JRE version: OpenJDK Runtime Environment (21.0.2+13) (build 21.0.2+13-58)
# Java VM: OpenJDK 64-Bit Server VM (21.0.2+13-58, mixed mode, emulated-client, sharing, tiered, compressed oops, compressed class ptrs, g1 gc, windows-amd64)
GC Precious Log:
 CardTable entry size: 512
 Card Set container configuration: InlinePtr #cards 5 size 8 Array Of Cards #cards 12 size 40 Howl #buckets 4 coarsen threshold 1843 Howl Bitmap #cards 512 size 80 coarsen threshold 460 Card regions per heap region 1 cards per card region 2048
 CPUs: 8 total, 8 available
 Memory: 8052M
 Large Page Support: Disabled
 NUMA Support: Disabled
 Compressed Oops: Enabled (32-bit)
 Heap Region Size: 1M
 Heap Min Capacity: 8M
 Heap Initial Capacity: 126M
 Heap Max Capacity: 2014M
 Pre-touch: Disabled
 Parallel Workers: 8
 Concurrent Workers: 2
 Concurrent Refinement Workers: 8
 Periodic GC: Disabled
Heap:
 garbage-first heap   total 95232K, used 75317K [0x0000000082200000, 0x0000000100000000)
  region size 1024K, 25 young (25600K), 3 survivors (3072K)
 Metaspace       used 88927K, committed 89728K, reserved 1179648K
  class space    used 12623K, committed 12992K, reserved 1048576K
GC Heap History (20 events):
Event: 14.262 GC heap before
{Heap before GC invocations=18 (full 0):
 garbage-first heap   total 78848K, used 67739K [0x0000000082200000, 0x0000000100000000)
  region size 1024K, 35 young (35840K), 5 survivors (5120K)
 Metaspace       used 64646K, committed 65216K, reserved 1114112K
  class space    used 9205K, committed 9472K, reserved 1048576K
}
Event: 14.268 GC heap after
{Heap after GC invocations=19 (full 0):
 garbage-first heap   total 78848K, used 37407K [0x0000000082200000, 0x0000000100000000)
  region size 1024K, 4 young (4096K), 4 survivors (4096K)
 Metaspace       used 64646K, committed 65216K, reserved 1114112K
  class space    used 9205K, committed 9472K, reserved 1048576K
}
Event: 14.948 GC heap before
{Heap before GC invocations=19 (full 0):
 garbage-first heap   total 78848K, used 68127K [0x0000000082200000, 0x0000000100000000)
  region size 1024K, 34 young (34816K), 4 survivors (4096K)
 Metaspace       used 68418K, committed 69120K, reserved 1114112K
  class space    used 9801K, committed 10112K, reserved 1048576K
}
Event: 14.954 GC heap after
{Heap after GC invocations=20 (full 0):
 garbage-first heap   total 78848K, used 39062K [0x0000000082200000, 0x0000000100000000)
  region size 1024K, 5 young (5120K), 5 survivors (5120K)
 Metaspace       used 68418K, committed 69120K, reserved 1114112K
  class space    used 9801K, committed 10112K, reserved 1048576K
}
Event: 15.616 GC heap before
{Heap before GC invocations=20 (full 0):
 garbage-first heap   total 78848K, used 67734K [0x0000000082200000, 0x0000000100000000)
  region size 1024K, 33 young (33792K), 5 survivors (5120K)
 Metaspace       used 73023K, committed 73728K, reserved 1114112K
  class space    used 10476K, committed 10816K, reserved 1048576K
}
Event: 15.624 GC heap after
{Heap after GC invocations=21 (full 0):
 garbage-first heap   total 78848K, used 41555K [0x0000000082200000, 0x0000000100000000)
  region size 1024K, 5 young (5120K), 5 survivors (5120K)
 Metaspace       used 73023K, committed 73728K, reserved 1114112K
  class space    used 10476K, committed 10816K, reserved 1048576K
}
Event: 16.060 GC heap before
{Heap before GC invocations=22 (full 0):
 garbage-first heap   total 78848K, used 68179K [0x0000000082200000, 0x0000000100000000)
  region size 1024K, 31 young (31744K), 5 survivors (5120K)
 Metaspace       used 74750K, committed 75456K, reserved 1114112K
  class space    used 10939K, committed 11264K, reserved 1048576K
}
Event: 16.068 GC heap after
{Heap after GC invocations=23 (full 0):
 garbage-first heap   total 78848K, used 45338K [0x0000000082200000, 0x0000000100000000)
  region size 1024K, 4 young (4096K), 4 survivors (4096K)
 Metaspace       used 74750K, committed 75456K, reserved 1114112K
  class space    used 10939K, committed 11264K, reserved 1048576K
}
Event: 16.437 GC heap before
{Heap before GC invocations=23 (full 0):
 garbage-first heap   total 78848K, used 67866K [0x0000000082200000, 0x0000000100000000)
  region size 1024K, 27 young (27648K), 4 survivors (4096K)
 Metaspace       used 76642K, committed 77376K, reserved 1179648K
  class space    used 11178K, committed 11520K, reserved 1048576K
}
Event: 16.442 GC heap after
{Heap after GC invocations=24 (full 0):
 garbage-first heap   total 95232K, used 44467K [0x0000000082200000, 0x0000000100000000)
  region size 1024K, 2 young (2048K), 2 survivors (2048K)
 Metaspace       used 76642K, committed 77376K, reserved 1179648K
  class space    used 11178K, committed 11520K, reserved 1048576K
}
Event: 16.716 GC heap before
{Heap before GC invocations=24 (full 0):
 garbage-first heap   total 95232K, used 84403K [0x0000000082200000, 0x0000000100000000)
  region size 1024K, 42 young (43008K), 2 survivors (2048K)
 Metaspace       used 76904K, committed 77696K, reserved 1179648K
  class space    used 11213K, committed 11584K, reserved 1048576K
}
Event: 16.719 GC heap after
{Heap after GC invocations=25 (full 0):
 garbage-first heap   total 95232K, used 46016K [0x0000000082200000, 0x0000000100000000)
  region size 1024K, 3 young (3072K), 3 survivors (3072K)
 Metaspace       used 76904K, committed 77696K, reserved 1179648K
  class space    used 11213K, committed 11584K, reserved 1048576K
}
Event: 17.167 GC heap before
{Heap before GC invocations=25 (full 0):
 garbage-first heap   total 95232K, used 85952K [0x0000000082200000, 0x0000000100000000)
  region size 1024K, 42 young (43008K), 3 survivors (3072K)
 Metaspace       used 78020K, committed 78784K, reserved 1179648K
  class space    used 11355K, committed 11712K, reserved 1048576K
}
Event: 17.172 GC heap after
{Heap after GC invocations=26 (full 0):
 garbage-first heap   total 95232K, used 48480K [0x0000000082200000, 0x0000000100000000)
  region size 1024K, 6 young (6144K), 6 survivors (6144K)
 Metaspace       used 78020K, committed 78784K, reserved 1179648K
  class space    used 11355K, committed 11712K, reserved 1048576K
}
Event: 17.389 GC heap before
{Heap before GC invocations=26 (full 0):
 garbage-first heap   total 95232K, used 64864K [0x0000000082200000, 0x0000000100000000)
  region size 1024K, 23 young (23552K), 6 survivors (6144K)
 Metaspace       used 79315K, committed 80128K, reserved 1179648K
  class space    used 11443K, committed 11840K, reserved 1048576K
}
Event: 17.395 GC heap after
{Heap after GC invocations=27 (full 0):
 garbage-first heap   total 95232K, used 49752K [0x0000000082200000, 0x0000000100000000)
  region size 1024K, 5 young (5120K), 5 survivors (5120K)
 Metaspace       used 79315K, committed 80128K, reserved 1179648K
  class space    used 11443K, committed 11840K, reserved 1048576K
}
Event: 18.133 GC heap before
{Heap before GC invocations=28 (full 0):
 garbage-first heap   total 95232K, used 83544K [0x0000000082200000, 0x0000000100000000)
  region size 1024K, 37 young (37888K), 5 survivors (5120K)
 Metaspace       used 85917K, committed 86720K, reserved 1179648K
  class space    used 12170K, committed 12544K, reserved 1048576K
}
Event: 18.139 GC heap after
{Heap after GC invocations=29 (full 0):
 garbage-first heap   total 95232K, used 52377K [0x0000000082200000, 0x0000000100000000)
  region size 1024K, 4 young (4096K), 4 survivors (4096K)
 Metaspace       used 85917K, committed 86720K, reserved 1179648K
  class space    used 12170K, committed 12544K, reserved 1048576K
}
Event: 18.630 GC heap before
{Heap before GC invocations=29 (full 0):
 garbage-first heap   total 95232K, used 84121K [0x0000000082200000, 0x0000000100000000)
  region size 1024K, 35 young (35840K), 4 survivors (4096K)
 Metaspace       used 87965K, committed 88832K, reserved 1179648K
  class space    used 12461K, committed 12864K, reserved 1048576K
}
Event: 18.636 GC heap after
{Heap after GC invocations=30 (full 0):
 garbage-first heap   total 95232K, used 53813K [0x0000000082200000, 0x0000000100000000)
  region size 1024K, 3 young (3072K), 3 survivors (3072K)
 Metaspace       used 87965K, committed 88832K, reserved 1179648K
  class space    used 12461K, committed 12864K, reserved 1048576K
}

